af
al
dz
ad
ao
ai
af
ar
am
au
at
az
bs
bh
bd
bb
by
be
bz
bj
bm
bt
bo
ba
bw
br
bn
bg
bf
bi
kh
cm
ca
cv
ky
cf
td
cl
cn
co
km
cg
zr
ck
cr
ci
hr
cu
cy
cz
dk
dj
dm
do
tp
ec
eg
sv
gq
er
ee
et
fk
fo
fj
fi
fr
gf
pf
ga
gm
ge
de
gh
gi
gr
gl
gd
gp
gu
gt
gn
gw
gy
ht
hn
hk
hu
is
in
id
ir
iq
ie
il
it
jm
jp
jo
kz
ke
ki
kr
kw
kg
la
lv
lb
ls
lr
ly
li
lt
lu
mo
mk
mg
mw
my
mv
ml
mt
mq
mr
mu
yt
mx
fm
md
mc
mn
ms
ma
mz
mm
na
nr
np
nl
an
nc
nz
ni
ne
ng
nu
nf
kp
no
om
pk
pa
pg
py
pe
ph
pn
pl
pt
pr
qa
re
ro
ru
rw
ws
sm
st
sa
sn
srb
sc
sl
sg
sk
si
sb
so
za
es
lk
sh
kn
pm
sd
sr
sz
se
ch
sy
tw
tj
tz
th
tg
tk
to
tt
tn
tr
tm
tc
tv
ug
ua
ae
uk
uy
us
uz
vu
ve
vn
vi
vg
wf
ye
yu
zm
zw